<?xml version="1.0" encoding="UTF-8"?>
<!-- Generated by org.testng.reporters.JUnitReportReporter -->
<testsuite hostname="Work-Laptop" failures="0" tests="1" name="testcase.sampleTest" time="12.816" errors="0" timestamp="2024-01-27T11:45:34 IST" skipped="0">
  <testcase classname="testcase.sampleTest" name="loginPage" time="12.816"/>
</testsuite> <!-- testcase.sampleTest -->
